<?xml version="1.0" encoding="UTF-8"?>
<!-- Generated by org.testng.reporters.JUnitXMLReporter -->
<testsuite ignored="0" hostname="DESKTOP-FRV6B16" failures="2" tests="2" name="Default test(failed)" time="322.363" errors="0" timestamp="2023-02-01T01:18:49 IST">
  <testcase classname="vtiger.OrganizationsTestScripts.CreateMultipleOrganizationsWithIndustryType" name="createMultipleOrgTest" time="103.015">
    <failure type="org.openqa.selenium.NoSuchElementException" message="Cannot locate option with value: Communication
For documentation on this error, please visit: https://selenium.dev/exceptions/#no_such_element
Build info: version: &amp;apos;4.4.0&amp;apos;, revision: &amp;apos;e5c75ed026a&amp;apos;
System info: host: &amp;apos;DESKTOP-FRV6B16&amp;apos;, ip: &amp;apos;192.168.29.27&amp;apos;, os.name: &amp;apos;Windows 10&amp;apos;, os.arch: &amp;apos;amd64&amp;apos;, os.version: &amp;apos;10.0&amp;apos;, java.version: &amp;apos;17.0.5&amp;apos;
Driver info: driver.version: unknown">
      <![CDATA[org.openqa.selenium.NoSuchElementException: Cannot locate option with value: Communication
For documentation on this error, please visit: https://selenium.dev/exceptions/#no_such_element
Build info: version: '4.4.0', revision: 'e5c75ed026a'
System info: host: 'DESKTOP-FRV6B16', ip: '192.168.29.27', os.name: 'Windows 10', os.arch: 'amd64', os.version: '10.0', java.version: '17.0.5'
Driver info: driver.version: unknown
at org.openqa.selenium.support.ui.Select.findOptionsByValue(Select.java:287)
at org.openqa.selenium.support.ui.Select.selectByValue(Select.java:190)
at vtiger.GenericUtility.WebDriverUtility.handleDropDown(WebDriverUtility.java:110)
at vtiger.ObjectRepository.CreatingNewOrganizationPage.createNewOrg(CreatingNewOrganizationPage.java:60)
at vtiger.OrganizationsTestScripts.CreateMultipleOrganizationsWithIndustryType.createMultipleOrgTest(CreateMultipleOrganizationsWithIndustryType.java:54)
at java.base/java.util.ArrayList.forEach(ArrayList.java:1511)
... Removed 27 stack frames]]>
    </failure>
  </testcase> <!-- createMultipleOrgTest -->
  <testcase classname="vtiger.OrganizationsTestScripts.CreateMultipleOrganizationsWithIndustryType" name="createMultipleOrgTest" time="70.144">
    <failure type="org.openqa.selenium.NoSuchElementException" message="Cannot locate option with value: consultig
For documentation on this error, please visit: https://selenium.dev/exceptions/#no_such_element
Build info: version: &amp;apos;4.4.0&amp;apos;, revision: &amp;apos;e5c75ed026a&amp;apos;
System info: host: &amp;apos;DESKTOP-FRV6B16&amp;apos;, ip: &amp;apos;192.168.29.27&amp;apos;, os.name: &amp;apos;Windows 10&amp;apos;, os.arch: &amp;apos;amd64&amp;apos;, os.version: &amp;apos;10.0&amp;apos;, java.version: &amp;apos;17.0.5&amp;apos;
Driver info: driver.version: unknown">
      <![CDATA[org.openqa.selenium.NoSuchElementException: Cannot locate option with value: consultig
For documentation on this error, please visit: https://selenium.dev/exceptions/#no_such_element
Build info: version: '4.4.0', revision: 'e5c75ed026a'
System info: host: 'DESKTOP-FRV6B16', ip: '192.168.29.27', os.name: 'Windows 10', os.arch: 'amd64', os.version: '10.0', java.version: '17.0.5'
Driver info: driver.version: unknown
at org.openqa.selenium.support.ui.Select.findOptionsByValue(Select.java:287)
at org.openqa.selenium.support.ui.Select.selectByValue(Select.java:190)
at vtiger.GenericUtility.WebDriverUtility.handleDropDown(WebDriverUtility.java:110)
at vtiger.ObjectRepository.CreatingNewOrganizationPage.createNewOrg(CreatingNewOrganizationPage.java:60)
at vtiger.OrganizationsTestScripts.CreateMultipleOrganizationsWithIndustryType.createMultipleOrgTest(CreateMultipleOrganizationsWithIndustryType.java:54)
at java.base/java.util.ArrayList.forEach(ArrayList.java:1511)
... Removed 27 stack frames]]>
    </failure>
  </testcase> <!-- createMultipleOrgTest -->
</testsuite> <!-- Default test(failed) -->
